running egg_info
creating ../../build/interface/interface.egg-info
writing ../../build/interface/interface.egg-info/PKG-INFO
writing dependency_links to ../../build/interface/interface.egg-info/dependency_links.txt
writing entry points to ../../build/interface/interface.egg-info/entry_points.txt
writing requirements to ../../build/interface/interface.egg-info/requires.txt
writing top-level names to ../../build/interface/interface.egg-info/top_level.txt
writing manifest file '../../build/interface/interface.egg-info/SOURCES.txt'
reading manifest file '../../build/interface/interface.egg-info/SOURCES.txt'
writing manifest file '../../build/interface/interface.egg-info/SOURCES.txt'
running build
running build_py
creating /home/everd/faberws/build/interface/build
creating /home/everd/faberws/build/interface/build/lib
creating /home/everd/faberws/build/interface/build/lib/interface
copying interface/gui.py -> /home/everd/faberws/build/interface/build/lib/interface
copying interface/__init__.py -> /home/everd/faberws/build/interface/build/lib/interface
running install
running install_lib
creating /home/everd/faberws/install/interface/lib/python3.10/site-packages/interface
copying /home/everd/faberws/build/interface/build/lib/interface/gui.py -> /home/everd/faberws/install/interface/lib/python3.10/site-packages/interface
copying /home/everd/faberws/build/interface/build/lib/interface/__init__.py -> /home/everd/faberws/install/interface/lib/python3.10/site-packages/interface
byte-compiling /home/everd/faberws/install/interface/lib/python3.10/site-packages/interface/gui.py to gui.cpython-310.pyc
byte-compiling /home/everd/faberws/install/interface/lib/python3.10/site-packages/interface/__init__.py to __init__.cpython-310.pyc
running install_data
creating /home/everd/faberws/install/interface/share/ament_index
creating /home/everd/faberws/install/interface/share/ament_index/resource_index
creating /home/everd/faberws/install/interface/share/ament_index/resource_index/packages
copying resource/interface -> /home/everd/faberws/install/interface/share/ament_index/resource_index/packages
copying package.xml -> /home/everd/faberws/install/interface/share/interface
running install_egg_info
Copying ../../build/interface/interface.egg-info to /home/everd/faberws/install/interface/lib/python3.10/site-packages/interface-0.0.0-py3.10.egg-info
running install_scripts
writing list of installed files to '/home/everd/faberws/build/interface/install.log'
