[1.602s] Invoking command in '/home/everd/faberws/src/interface': PYTHONPATH=/home/everd/faberws/build/interface/prefix_override:/usr/lib/python3/dist-packages/colcon_core/task/python/colcon_distutils_commands:/home/everd/faberws/install/interface/lib/python3.10/site-packages:${PYTHONPATH} /usr/bin/python3 -W ignore:setup.py install is deprecated -W ignore:easy_install command is deprecated setup.py egg_info --egg-base ../../build/interface build --build-base /home/everd/faberws/build/interface/build install --record /home/everd/faberws/build/interface/install.log --single-version-externally-managed install_data
[2.013s] running egg_info
[2.013s] creating ../../build/interface/interface.egg-info
[2.013s] writing ../../build/interface/interface.egg-info/PKG-INFO
[2.014s] writing dependency_links to ../../build/interface/interface.egg-info/dependency_links.txt
[2.014s] writing entry points to ../../build/interface/interface.egg-info/entry_points.txt
[2.014s] writing requirements to ../../build/interface/interface.egg-info/requires.txt
[2.015s] writing top-level names to ../../build/interface/interface.egg-info/top_level.txt
[2.015s] writing manifest file '../../build/interface/interface.egg-info/SOURCES.txt'
[2.018s] reading manifest file '../../build/interface/interface.egg-info/SOURCES.txt'
[2.019s] writing manifest file '../../build/interface/interface.egg-info/SOURCES.txt'
[2.020s] running build
[2.020s] running build_py
[2.020s] creating /home/everd/faberws/build/interface/build
[2.020s] creating /home/everd/faberws/build/interface/build/lib
[2.020s] creating /home/everd/faberws/build/interface/build/lib/interface
[2.020s] copying interface/gui.py -> /home/everd/faberws/build/interface/build/lib/interface
[2.020s] copying interface/__init__.py -> /home/everd/faberws/build/interface/build/lib/interface
[2.021s] running install
[2.021s] running install_lib
[2.022s] creating /home/everd/faberws/install/interface/lib/python3.10/site-packages/interface
[2.022s] copying /home/everd/faberws/build/interface/build/lib/interface/gui.py -> /home/everd/faberws/install/interface/lib/python3.10/site-packages/interface
[2.023s] copying /home/everd/faberws/build/interface/build/lib/interface/__init__.py -> /home/everd/faberws/install/interface/lib/python3.10/site-packages/interface
[2.023s] byte-compiling /home/everd/faberws/install/interface/lib/python3.10/site-packages/interface/gui.py to gui.cpython-310.pyc
[2.024s] byte-compiling /home/everd/faberws/install/interface/lib/python3.10/site-packages/interface/__init__.py to __init__.cpython-310.pyc
[2.024s] running install_data
[2.024s] creating /home/everd/faberws/install/interface/share/ament_index
[2.025s] creating /home/everd/faberws/install/interface/share/ament_index/resource_index
[2.025s] creating /home/everd/faberws/install/interface/share/ament_index/resource_index/packages
[2.025s] copying resource/interface -> /home/everd/faberws/install/interface/share/ament_index/resource_index/packages
[2.025s] copying package.xml -> /home/everd/faberws/install/interface/share/interface
[2.025s] running install_egg_info
[2.027s] Copying ../../build/interface/interface.egg-info to /home/everd/faberws/install/interface/lib/python3.10/site-packages/interface-0.0.0-py3.10.egg-info
[2.028s] running install_scripts
[2.062s] writing list of installed files to '/home/everd/faberws/build/interface/install.log'
[2.114s] Invoked command in '/home/everd/faberws/src/interface' returned '0': PYTHONPATH=/home/everd/faberws/build/interface/prefix_override:/usr/lib/python3/dist-packages/colcon_core/task/python/colcon_distutils_commands:/home/everd/faberws/install/interface/lib/python3.10/site-packages:${PYTHONPATH} /usr/bin/python3 -W ignore:setup.py install is deprecated -W ignore:easy_install command is deprecated setup.py egg_info --egg-base ../../build/interface build --build-base /home/everd/faberws/build/interface/build install --record /home/everd/faberws/build/interface/install.log --single-version-externally-managed install_data
