[1.185s] Invoking command in '/home/everd/faberws/src/medusa': PYTHONPATH=/home/everd/faberws/build/medusa/prefix_override:/usr/lib/python3/dist-packages/colcon_core/task/python/colcon_distutils_commands:/home/everd/faberws/install/medusa/lib/python3.10/site-packages:${PYTHONPATH} /usr/bin/python3 -W ignore:setup.py install is deprecated -W ignore:easy_install command is deprecated setup.py egg_info --egg-base ../../build/medusa build --build-base /home/everd/faberws/build/medusa/build install --record /home/everd/faberws/build/medusa/install.log --single-version-externally-managed install_data
[1.637s] running egg_info
[1.639s] writing ../../build/medusa/medusa.egg-info/PKG-INFO
[1.639s] writing dependency_links to ../../build/medusa/medusa.egg-info/dependency_links.txt
[1.639s] writing entry points to ../../build/medusa/medusa.egg-info/entry_points.txt
[1.640s] writing requirements to ../../build/medusa/medusa.egg-info/requires.txt
[1.640s] writing top-level names to ../../build/medusa/medusa.egg-info/top_level.txt
[1.643s] reading manifest file '../../build/medusa/medusa.egg-info/SOURCES.txt'
[1.646s] writing manifest file '../../build/medusa/medusa.egg-info/SOURCES.txt'
[1.646s] running build
[1.646s] running build_py
[1.647s] running install
[1.648s] running install_lib
[1.651s] running install_data
[1.652s] running install_egg_info
[1.655s] removing '/home/everd/faberws/install/medusa/lib/python3.10/site-packages/medusa-0.0.0-py3.10.egg-info' (and everything under it)
[1.656s] Copying ../../build/medusa/medusa.egg-info to /home/everd/faberws/install/medusa/lib/python3.10/site-packages/medusa-0.0.0-py3.10.egg-info
[1.657s] running install_scripts
[1.697s] Installing control script to /home/everd/faberws/install/medusa/lib/medusa
[1.697s] Installing esp32_imu_bridge script to /home/everd/faberws/install/medusa/lib/medusa
[1.698s] Installing gui script to /home/everd/faberws/install/medusa/lib/medusa
[1.698s] Installing mando script to /home/everd/faberws/install/medusa/lib/medusa
[1.698s] Installing serial_IMU script to /home/everd/faberws/install/medusa/lib/medusa
[1.699s] writing list of installed files to '/home/everd/faberws/build/medusa/install.log'
[1.738s] Invoked command in '/home/everd/faberws/src/medusa' returned '0': PYTHONPATH=/home/everd/faberws/build/medusa/prefix_override:/usr/lib/python3/dist-packages/colcon_core/task/python/colcon_distutils_commands:/home/everd/faberws/install/medusa/lib/python3.10/site-packages:${PYTHONPATH} /usr/bin/python3 -W ignore:setup.py install is deprecated -W ignore:easy_install command is deprecated setup.py egg_info --egg-base ../../build/medusa build --build-base /home/everd/faberws/build/medusa/build install --record /home/everd/faberws/build/medusa/install.log --single-version-externally-managed install_data
