[1.400s] Invoking command in '/home/everd/faberws/src/interface': PYTHONPATH=/home/everd/faberws/build/interface/prefix_override:/usr/lib/python3/dist-packages/colcon_core/task/python/colcon_distutils_commands:/home/everd/faberws/install/interface/lib/python3.10/site-packages:${PYTHONPATH} /usr/bin/python3 -W ignore:setup.py install is deprecated -W ignore:easy_install command is deprecated setup.py egg_info --egg-base ../../build/interface build --build-base /home/everd/faberws/build/interface/build install --record /home/everd/faberws/build/interface/install.log --single-version-externally-managed install_data
[1.780s] running egg_info
[1.781s] writing ../../build/interface/interface.egg-info/PKG-INFO
[1.782s] writing dependency_links to ../../build/interface/interface.egg-info/dependency_links.txt
[1.782s] writing entry points to ../../build/interface/interface.egg-info/entry_points.txt
[1.783s] writing requirements to ../../build/interface/interface.egg-info/requires.txt
[1.783s] writing top-level names to ../../build/interface/interface.egg-info/top_level.txt
[1.785s] reading manifest file '../../build/interface/interface.egg-info/SOURCES.txt'
[1.787s] writing manifest file '../../build/interface/interface.egg-info/SOURCES.txt'
[1.787s] running build
[1.787s] running build_py
[1.787s] running install
[1.789s] running install_lib
[1.789s] running install_data
[1.790s] running install_egg_info
[1.792s] removing '/home/everd/faberws/install/interface/lib/python3.10/site-packages/interface-0.0.0-py3.10.egg-info' (and everything under it)
[1.793s] Copying ../../build/interface/interface.egg-info to /home/everd/faberws/install/interface/lib/python3.10/site-packages/interface-0.0.0-py3.10.egg-info
[1.795s] running install_scripts
[1.825s] writing list of installed files to '/home/everd/faberws/build/interface/install.log'
[1.862s] Invoked command in '/home/everd/faberws/src/interface' returned '0': PYTHONPATH=/home/everd/faberws/build/interface/prefix_override:/usr/lib/python3/dist-packages/colcon_core/task/python/colcon_distutils_commands:/home/everd/faberws/install/interface/lib/python3.10/site-packages:${PYTHONPATH} /usr/bin/python3 -W ignore:setup.py install is deprecated -W ignore:easy_install command is deprecated setup.py egg_info --egg-base ../../build/interface build --build-base /home/everd/faberws/build/interface/build install --record /home/everd/faberws/build/interface/install.log --single-version-externally-managed install_data
