[1.078s] Invoking command in '/home/everd/faberws/src/medusa': PYTHONPATH=/home/everd/faberws/build/medusa/prefix_override:/usr/lib/python3/dist-packages/colcon_core/task/python/colcon_distutils_commands:/home/everd/faberws/install/medusa/lib/python3.10/site-packages:${PYTHONPATH} /usr/bin/python3 -W ignore:setup.py install is deprecated -W ignore:easy_install command is deprecated setup.py egg_info --egg-base ../../build/medusa build --build-base /home/everd/faberws/build/medusa/build install --record /home/everd/faberws/build/medusa/install.log --single-version-externally-managed install_data
[1.490s] running egg_info
[1.490s] writing ../../build/medusa/medusa.egg-info/PKG-INFO
[1.490s] writing dependency_links to ../../build/medusa/medusa.egg-info/dependency_links.txt
[1.490s] writing entry points to ../../build/medusa/medusa.egg-info/entry_points.txt
[1.490s] writing requirements to ../../build/medusa/medusa.egg-info/requires.txt
[1.491s] writing top-level names to ../../build/medusa/medusa.egg-info/top_level.txt
[1.494s] reading manifest file '../../build/medusa/medusa.egg-info/SOURCES.txt'
[1.496s] writing manifest file '../../build/medusa/medusa.egg-info/SOURCES.txt'
[1.496s] running build
[1.496s] running build_py
[1.497s] copying medusa/mando.py -> /home/everd/faberws/build/medusa/build/lib/medusa
[1.497s] running install
[1.497s] running install_lib
[1.499s] copying /home/everd/faberws/build/medusa/build/lib/medusa/mando.py -> /home/everd/faberws/install/medusa/lib/python3.10/site-packages/medusa
[1.499s] byte-compiling /home/everd/faberws/install/medusa/lib/python3.10/site-packages/medusa/mando.py to mando.cpython-310.pyc
[1.501s] running install_data
[1.502s] running install_egg_info
[1.505s] removing '/home/everd/faberws/install/medusa/lib/python3.10/site-packages/medusa-0.0.0-py3.10.egg-info' (and everything under it)
[1.506s] Copying ../../build/medusa/medusa.egg-info to /home/everd/faberws/install/medusa/lib/python3.10/site-packages/medusa-0.0.0-py3.10.egg-info
[1.507s] running install_scripts
[1.540s] Installing control script to /home/everd/faberws/install/medusa/lib/medusa
[1.541s] Installing mando script to /home/everd/faberws/install/medusa/lib/medusa
[1.541s] writing list of installed files to '/home/everd/faberws/build/medusa/install.log'
[1.587s] Invoked command in '/home/everd/faberws/src/medusa' returned '0': PYTHONPATH=/home/everd/faberws/build/medusa/prefix_override:/usr/lib/python3/dist-packages/colcon_core/task/python/colcon_distutils_commands:/home/everd/faberws/install/medusa/lib/python3.10/site-packages:${PYTHONPATH} /usr/bin/python3 -W ignore:setup.py install is deprecated -W ignore:easy_install command is deprecated setup.py egg_info --egg-base ../../build/medusa build --build-base /home/everd/faberws/build/medusa/build install --record /home/everd/faberws/build/medusa/install.log --single-version-externally-managed install_data
