running egg_info
creating ../../build/medusa/medusa.egg-info
writing ../../build/medusa/medusa.egg-info/PKG-INFO
writing dependency_links to ../../build/medusa/medusa.egg-info/dependency_links.txt
writing entry points to ../../build/medusa/medusa.egg-info/entry_points.txt
writing requirements to ../../build/medusa/medusa.egg-info/requires.txt
writing top-level names to ../../build/medusa/medusa.egg-info/top_level.txt
writing manifest file '../../build/medusa/medusa.egg-info/SOURCES.txt'
reading manifest file '../../build/medusa/medusa.egg-info/SOURCES.txt'
writing manifest file '../../build/medusa/medusa.egg-info/SOURCES.txt'
running build
running build_py
creating /home/everd/faberws/build/medusa/build
creating /home/everd/faberws/build/medusa/build/lib
creating /home/everd/faberws/build/medusa/build/lib/medusa
copying medusa/__init__.py -> /home/everd/faberws/build/medusa/build/lib/medusa
running install
running install_lib
creating /home/everd/faberws/install/medusa/lib/python3.10/site-packages/medusa
copying /home/everd/faberws/build/medusa/build/lib/medusa/__init__.py -> /home/everd/faberws/install/medusa/lib/python3.10/site-packages/medusa
byte-compiling /home/everd/faberws/install/medusa/lib/python3.10/site-packages/medusa/__init__.py to __init__.cpython-310.pyc
running install_data
creating /home/everd/faberws/install/medusa/share/ament_index
creating /home/everd/faberws/install/medusa/share/ament_index/resource_index
creating /home/everd/faberws/install/medusa/share/ament_index/resource_index/packages
copying resource/medusa -> /home/everd/faberws/install/medusa/share/ament_index/resource_index/packages
copying package.xml -> /home/everd/faberws/install/medusa/share/medusa
running install_egg_info
Copying ../../build/medusa/medusa.egg-info to /home/everd/faberws/install/medusa/lib/python3.10/site-packages/medusa-0.0.0-py3.10.egg-info
running install_scripts
writing list of installed files to '/home/everd/faberws/build/medusa/install.log'
