[1.063s] Invoking command in '/home/everd/faberws/src/medusa': PYTHONPATH=/home/everd/faberws/build/medusa/prefix_override:/usr/lib/python3/dist-packages/colcon_core/task/python/colcon_distutils_commands:/home/everd/faberws/install/medusa/lib/python3.10/site-packages:${PYTHONPATH} /usr/bin/python3 -W ignore:setup.py install is deprecated -W ignore:easy_install command is deprecated setup.py egg_info --egg-base ../../build/medusa build --build-base /home/everd/faberws/build/medusa/build install --record /home/everd/faberws/build/medusa/install.log --single-version-externally-managed install_data
[1.425s] running egg_info
[1.426s] creating ../../build/medusa/medusa.egg-info
[1.426s] writing ../../build/medusa/medusa.egg-info/PKG-INFO
[1.427s] writing dependency_links to ../../build/medusa/medusa.egg-info/dependency_links.txt
[1.427s] writing entry points to ../../build/medusa/medusa.egg-info/entry_points.txt
[1.428s] writing requirements to ../../build/medusa/medusa.egg-info/requires.txt
[1.428s] writing top-level names to ../../build/medusa/medusa.egg-info/top_level.txt
[1.428s] writing manifest file '../../build/medusa/medusa.egg-info/SOURCES.txt'
[1.433s] reading manifest file '../../build/medusa/medusa.egg-info/SOURCES.txt'
[1.434s] writing manifest file '../../build/medusa/medusa.egg-info/SOURCES.txt'
[1.435s] running build
[1.435s] running build_py
[1.436s] creating /home/everd/faberws/build/medusa/build
[1.437s] creating /home/everd/faberws/build/medusa/build/lib
[1.437s] creating /home/everd/faberws/build/medusa/build/lib/medusa
[1.437s] copying medusa/__init__.py -> /home/everd/faberws/build/medusa/build/lib/medusa
[1.438s] running install
[1.438s] running install_lib
[1.439s] creating /home/everd/faberws/install/medusa/lib/python3.10/site-packages/medusa
[1.439s] copying /home/everd/faberws/build/medusa/build/lib/medusa/__init__.py -> /home/everd/faberws/install/medusa/lib/python3.10/site-packages/medusa
[1.440s] byte-compiling /home/everd/faberws/install/medusa/lib/python3.10/site-packages/medusa/__init__.py to __init__.cpython-310.pyc
[1.440s] running install_data
[1.441s] creating /home/everd/faberws/install/medusa/share/ament_index
[1.441s] creating /home/everd/faberws/install/medusa/share/ament_index/resource_index
[1.442s] creating /home/everd/faberws/install/medusa/share/ament_index/resource_index/packages
[1.443s] copying resource/medusa -> /home/everd/faberws/install/medusa/share/ament_index/resource_index/packages
[1.443s] copying package.xml -> /home/everd/faberws/install/medusa/share/medusa
[1.443s] running install_egg_info
[1.447s] Copying ../../build/medusa/medusa.egg-info to /home/everd/faberws/install/medusa/lib/python3.10/site-packages/medusa-0.0.0-py3.10.egg-info
[1.448s] running install_scripts
[1.477s] writing list of installed files to '/home/everd/faberws/build/medusa/install.log'
[1.506s] Invoked command in '/home/everd/faberws/src/medusa' returned '0': PYTHONPATH=/home/everd/faberws/build/medusa/prefix_override:/usr/lib/python3/dist-packages/colcon_core/task/python/colcon_distutils_commands:/home/everd/faberws/install/medusa/lib/python3.10/site-packages:${PYTHONPATH} /usr/bin/python3 -W ignore:setup.py install is deprecated -W ignore:easy_install command is deprecated setup.py egg_info --egg-base ../../build/medusa build --build-base /home/everd/faberws/build/medusa/build install --record /home/everd/faberws/build/medusa/install.log --single-version-externally-managed install_data
