/home/everd/faberws/src/install/medusa/lib/python3.10/site-packages/medusa/esp32_imu_bridge.py
/home/everd/faberws/src/install/medusa/lib/python3.10/site-packages/medusa/mando.py
/home/everd/faberws/src/install/medusa/lib/python3.10/site-packages/medusa/control.py
/home/everd/faberws/src/install/medusa/lib/python3.10/site-packages/medusa/gui.py
/home/everd/faberws/src/install/medusa/lib/python3.10/site-packages/medusa/__init__.py
/home/everd/faberws/src/install/medusa/lib/python3.10/site-packages/medusa/serial_IMU.py
/home/everd/faberws/src/install/medusa/lib/python3.10/site-packages/medusa/__pycache__/esp32_imu_bridge.cpython-310.pyc
/home/everd/faberws/src/install/medusa/lib/python3.10/site-packages/medusa/__pycache__/mando.cpython-310.pyc
/home/everd/faberws/src/install/medusa/lib/python3.10/site-packages/medusa/__pycache__/control.cpython-310.pyc
/home/everd/faberws/src/install/medusa/lib/python3.10/site-packages/medusa/__pycache__/gui.cpython-310.pyc
/home/everd/faberws/src/install/medusa/lib/python3.10/site-packages/medusa/__pycache__/__init__.cpython-310.pyc
/home/everd/faberws/src/install/medusa/lib/python3.10/site-packages/medusa/__pycache__/serial_IMU.cpython-310.pyc
/home/everd/faberws/src/install/medusa/share/ament_index/resource_index/packages/medusa
/home/everd/faberws/src/install/medusa/share/medusa/package.xml
/home/everd/faberws/src/install/medusa/share/medusa/launch/rviz.launch.py
/home/everd/faberws/src/install/medusa/share/medusa/launch/gazebo.launch.py
/home/everd/faberws/src/install/medusa/share/medusa/launch/view.launch.py
/home/everd/faberws/src/install/medusa/share/medusa/meshes/vari6_Link.STL
/home/everd/faberws/src/install/medusa/share/medusa/meshes/var3_Link.STL
/home/everd/faberws/src/install/medusa/share/medusa/meshes/base_link.STL
/home/everd/faberws/src/install/medusa/share/medusa/meshes/vari3_Link.STL
/home/everd/faberws/src/install/medusa/share/medusa/meshes/var7_Link.STL
/home/everd/faberws/src/install/medusa/share/medusa/meshes/vari8_Link.STL
/home/everd/faberws/src/install/medusa/share/medusa/meshes/vari2_Link.STL
/home/everd/faberws/src/install/medusa/share/medusa/meshes/var6_Link.STL
/home/everd/faberws/src/install/medusa/share/medusa/meshes/vari5_Link.STL
/home/everd/faberws/src/install/medusa/share/medusa/meshes/var2_Link.STL
/home/everd/faberws/src/install/medusa/share/medusa/meshes/vari7_Link.STL
/home/everd/faberws/src/install/medusa/share/medusa/meshes/des2_Link.STL
/home/everd/faberws/src/install/medusa/share/medusa/meshes/var8_Link.STL
/home/everd/faberws/src/install/medusa/share/medusa/meshes/var1_Link.STL
/home/everd/faberws/src/install/medusa/share/medusa/meshes/pan_Link.STL
/home/everd/faberws/src/install/medusa/share/medusa/meshes/var4_Link.STL
/home/everd/faberws/src/install/medusa/share/medusa/meshes/tilt_Link.STL
/home/everd/faberws/src/install/medusa/share/medusa/meshes/var5_Link.STL
/home/everd/faberws/src/install/medusa/share/medusa/meshes/des1_Link.STL
/home/everd/faberws/src/install/medusa/share/medusa/meshes/motor_Link.STL
/home/everd/faberws/src/install/medusa/share/medusa/meshes/vari4_Link.STL
/home/everd/faberws/src/install/medusa/share/medusa/meshes/vari1_Link.STL
/home/everd/faberws/src/install/medusa/share/medusa/meshes/trans2_Link.STL
/home/everd/faberws/src/install/medusa/share/medusa/meshes/trans1_Link.STL
/home/everd/faberws/src/install/medusa/share/medusa/urdf/control_gazebo.xacro
/home/everd/faberws/src/install/medusa/share/medusa/urdf/Medusa_Final_2027.csv
/home/everd/faberws/src/install/medusa/share/medusa/urdf/Medusa.urdf
/home/everd/faberws/src/install/medusa/share/medusa/urdf/medusa.xacro
/home/everd/faberws/src/install/medusa/share/medusa/config/controller.yaml
/home/everd/faberws/src/install/medusa/lib/python3.10/site-packages/medusa-0.0.0-py3.10.egg-info/entry_points.txt
/home/everd/faberws/src/install/medusa/lib/python3.10/site-packages/medusa-0.0.0-py3.10.egg-info/SOURCES.txt
/home/everd/faberws/src/install/medusa/lib/python3.10/site-packages/medusa-0.0.0-py3.10.egg-info/zip-safe
/home/everd/faberws/src/install/medusa/lib/python3.10/site-packages/medusa-0.0.0-py3.10.egg-info/requires.txt
/home/everd/faberws/src/install/medusa/lib/python3.10/site-packages/medusa-0.0.0-py3.10.egg-info/PKG-INFO
/home/everd/faberws/src/install/medusa/lib/python3.10/site-packages/medusa-0.0.0-py3.10.egg-info/top_level.txt
/home/everd/faberws/src/install/medusa/lib/python3.10/site-packages/medusa-0.0.0-py3.10.egg-info/dependency_links.txt
/home/everd/faberws/src/install/medusa/lib/medusa/control
/home/everd/faberws/src/install/medusa/lib/medusa/esp32_imu_bridge
/home/everd/faberws/src/install/medusa/lib/medusa/gui
/home/everd/faberws/src/install/medusa/lib/medusa/mando
/home/everd/faberws/src/install/medusa/lib/medusa/serial_IMU
