[1.089s] Invoking command in '/home/everd/faberws/src/medusa': PYTHONPATH=/home/everd/faberws/build/medusa/prefix_override:/usr/lib/python3/dist-packages/colcon_core/task/python/colcon_distutils_commands:/home/everd/faberws/install/medusa/lib/python3.10/site-packages:${PYTHONPATH} /usr/bin/python3 -W ignore:setup.py install is deprecated -W ignore:easy_install command is deprecated setup.py egg_info --egg-base ../../build/medusa build --build-base /home/everd/faberws/build/medusa/build install --record /home/everd/faberws/build/medusa/install.log --single-version-externally-managed install_data
[1.503s] running egg_info
[1.505s] writing ../../build/medusa/medusa.egg-info/PKG-INFO
[1.507s] writing dependency_links to ../../build/medusa/medusa.egg-info/dependency_links.txt
[1.507s] writing entry points to ../../build/medusa/medusa.egg-info/entry_points.txt
[1.507s] writing requirements to ../../build/medusa/medusa.egg-info/requires.txt
[1.507s] writing top-level names to ../../build/medusa/medusa.egg-info/top_level.txt
[1.509s] reading manifest file '../../build/medusa/medusa.egg-info/SOURCES.txt'
[1.514s] writing manifest file '../../build/medusa/medusa.egg-info/SOURCES.txt'
[1.514s] running build
[1.514s] running build_py
[1.514s] copying medusa/esp32_imu_bridge.py -> /home/everd/faberws/build/medusa/build/lib/medusa
[1.514s] running install
[1.514s] running install_lib
[1.515s] copying /home/everd/faberws/build/medusa/build/lib/medusa/esp32_imu_bridge.py -> /home/everd/faberws/install/medusa/lib/python3.10/site-packages/medusa
[1.515s] byte-compiling /home/everd/faberws/install/medusa/lib/python3.10/site-packages/medusa/esp32_imu_bridge.py to esp32_imu_bridge.cpython-310.pyc
[1.519s] running install_data
[1.519s] running install_egg_info
[1.522s] removing '/home/everd/faberws/install/medusa/lib/python3.10/site-packages/medusa-0.0.0-py3.10.egg-info' (and everything under it)
[1.523s] Copying ../../build/medusa/medusa.egg-info to /home/everd/faberws/install/medusa/lib/python3.10/site-packages/medusa-0.0.0-py3.10.egg-info
[1.524s] running install_scripts
[1.558s] Installing control script to /home/everd/faberws/install/medusa/lib/medusa
[1.558s] Installing esp32_imu_bridge script to /home/everd/faberws/install/medusa/lib/medusa
[1.559s] Installing gui script to /home/everd/faberws/install/medusa/lib/medusa
[1.559s] Installing mando script to /home/everd/faberws/install/medusa/lib/medusa
[1.559s] writing list of installed files to '/home/everd/faberws/build/medusa/install.log'
[1.616s] Invoked command in '/home/everd/faberws/src/medusa' returned '0': PYTHONPATH=/home/everd/faberws/build/medusa/prefix_override:/usr/lib/python3/dist-packages/colcon_core/task/python/colcon_distutils_commands:/home/everd/faberws/install/medusa/lib/python3.10/site-packages:${PYTHONPATH} /usr/bin/python3 -W ignore:setup.py install is deprecated -W ignore:easy_install command is deprecated setup.py egg_info --egg-base ../../build/medusa build --build-base /home/everd/faberws/build/medusa/build install --record /home/everd/faberws/build/medusa/install.log --single-version-externally-managed install_data
