[0.969s] Invoking command in '/home/everd/faberws/src/medusa': PYTHONPATH=/home/everd/faberws/build/medusa/prefix_override:/usr/lib/python3/dist-packages/colcon_core/task/python/colcon_distutils_commands:/home/everd/faberws/install/medusa/lib/python3.10/site-packages:${PYTHONPATH} /usr/bin/python3 -W ignore:setup.py install is deprecated -W ignore:easy_install command is deprecated setup.py egg_info --egg-base ../../build/medusa build --build-base /home/everd/faberws/build/medusa/build install --record /home/everd/faberws/build/medusa/install.log --single-version-externally-managed install_data
[1.341s] running egg_info
[1.342s] writing ../../build/medusa/medusa.egg-info/PKG-INFO
[1.343s] writing dependency_links to ../../build/medusa/medusa.egg-info/dependency_links.txt
[1.343s] writing entry points to ../../build/medusa/medusa.egg-info/entry_points.txt
[1.343s] writing requirements to ../../build/medusa/medusa.egg-info/requires.txt
[1.343s] writing top-level names to ../../build/medusa/medusa.egg-info/top_level.txt
[1.346s] reading manifest file '../../build/medusa/medusa.egg-info/SOURCES.txt'
[1.348s] writing manifest file '../../build/medusa/medusa.egg-info/SOURCES.txt'
[1.348s] running build
[1.348s] running build_py
[1.348s] running install
[1.349s] running install_lib
[1.350s] running install_data
[1.350s] copying launch/rviz.launch.py -> /home/everd/faberws/install/medusa/share/medusa/launch
[1.351s] copying urdf/Medusa_Final.urdf -> /home/everd/faberws/install/medusa/share/medusa/urdf
[1.351s] copying urdf/medusa.xacro -> /home/everd/faberws/install/medusa/share/medusa/urdf
[1.352s] running install_egg_info
[1.354s] removing '/home/everd/faberws/install/medusa/lib/python3.10/site-packages/medusa-0.0.0-py3.10.egg-info' (and everything under it)
[1.354s] Copying ../../build/medusa/medusa.egg-info to /home/everd/faberws/install/medusa/lib/python3.10/site-packages/medusa-0.0.0-py3.10.egg-info
[1.356s] running install_scripts
[1.386s] writing list of installed files to '/home/everd/faberws/build/medusa/install.log'
[1.414s] Invoked command in '/home/everd/faberws/src/medusa' returned '0': PYTHONPATH=/home/everd/faberws/build/medusa/prefix_override:/usr/lib/python3/dist-packages/colcon_core/task/python/colcon_distutils_commands:/home/everd/faberws/install/medusa/lib/python3.10/site-packages:${PYTHONPATH} /usr/bin/python3 -W ignore:setup.py install is deprecated -W ignore:easy_install command is deprecated setup.py egg_info --egg-base ../../build/medusa build --build-base /home/everd/faberws/build/medusa/build install --record /home/everd/faberws/build/medusa/install.log --single-version-externally-managed install_data
