[1.385s] Invoking command in '/home/everd/faberws/src/medusa': PYTHONPATH=/home/everd/faberws/build/medusa/prefix_override:/usr/lib/python3/dist-packages/colcon_core/task/python/colcon_distutils_commands:/home/everd/faberws/install/medusa/lib/python3.10/site-packages:${PYTHONPATH} /usr/bin/python3 -W ignore:setup.py install is deprecated -W ignore:easy_install command is deprecated setup.py egg_info --egg-base ../../build/medusa build --build-base /home/everd/faberws/build/medusa/build install --record /home/everd/faberws/build/medusa/install.log --single-version-externally-managed install_data
[1.758s] running egg_info
[1.760s] writing ../../build/medusa/medusa.egg-info/PKG-INFO
[1.760s] writing dependency_links to ../../build/medusa/medusa.egg-info/dependency_links.txt
[1.760s] writing entry points to ../../build/medusa/medusa.egg-info/entry_points.txt
[1.761s] writing requirements to ../../build/medusa/medusa.egg-info/requires.txt
[1.761s] writing top-level names to ../../build/medusa/medusa.egg-info/top_level.txt
[1.764s] reading manifest file '../../build/medusa/medusa.egg-info/SOURCES.txt'
[1.766s] writing manifest file '../../build/medusa/medusa.egg-info/SOURCES.txt'
[1.766s] running build
[1.766s] running build_py
[1.766s] running install
[1.767s] running install_lib
[1.768s] running install_data
[1.770s] copying urdf/control_gazebo.xacro -> /home/everd/faberws/install/medusa/share/medusa/urdf
[1.770s] copying urdf/Medusa.urdf -> /home/everd/faberws/install/medusa/share/medusa/urdf
[1.770s] copying urdf/medusa.xacro -> /home/everd/faberws/install/medusa/share/medusa/urdf
[1.770s] running install_egg_info
[1.773s] removing '/home/everd/faberws/install/medusa/lib/python3.10/site-packages/medusa-0.0.0-py3.10.egg-info' (and everything under it)
[1.773s] Copying ../../build/medusa/medusa.egg-info to /home/everd/faberws/install/medusa/lib/python3.10/site-packages/medusa-0.0.0-py3.10.egg-info
[1.774s] running install_scripts
[1.805s] Installing control script to /home/everd/faberws/install/medusa/lib/medusa
[1.806s] Installing gui script to /home/everd/faberws/install/medusa/lib/medusa
[1.806s] Installing mando script to /home/everd/faberws/install/medusa/lib/medusa
[1.806s] writing list of installed files to '/home/everd/faberws/build/medusa/install.log'
[1.860s] Invoked command in '/home/everd/faberws/src/medusa' returned '0': PYTHONPATH=/home/everd/faberws/build/medusa/prefix_override:/usr/lib/python3/dist-packages/colcon_core/task/python/colcon_distutils_commands:/home/everd/faberws/install/medusa/lib/python3.10/site-packages:${PYTHONPATH} /usr/bin/python3 -W ignore:setup.py install is deprecated -W ignore:easy_install command is deprecated setup.py egg_info --egg-base ../../build/medusa build --build-base /home/everd/faberws/build/medusa/build install --record /home/everd/faberws/build/medusa/install.log --single-version-externally-managed install_data
