[0.950s] Invoking command in '/home/everd/faberws/src/medusa': PYTHONPATH=/home/everd/faberws/build/medusa/prefix_override:/usr/lib/python3/dist-packages/colcon_core/task/python/colcon_distutils_commands:/home/everd/faberws/install/medusa/lib/python3.10/site-packages:${PYTHONPATH} /usr/bin/python3 -W ignore:setup.py install is deprecated -W ignore:easy_install command is deprecated setup.py egg_info --egg-base ../../build/medusa build --build-base /home/everd/faberws/build/medusa/build install --record /home/everd/faberws/build/medusa/install.log --single-version-externally-managed install_data
[1.325s] running egg_info
[1.326s] writing ../../build/medusa/medusa.egg-info/PKG-INFO
[1.326s] writing dependency_links to ../../build/medusa/medusa.egg-info/dependency_links.txt
[1.326s] writing entry points to ../../build/medusa/medusa.egg-info/entry_points.txt
[1.326s] writing requirements to ../../build/medusa/medusa.egg-info/requires.txt
[1.327s] writing top-level names to ../../build/medusa/medusa.egg-info/top_level.txt
[1.330s] reading manifest file '../../build/medusa/medusa.egg-info/SOURCES.txt'
[1.332s] writing manifest file '../../build/medusa/medusa.egg-info/SOURCES.txt'
[1.332s] running build
[1.333s] running build_py
[1.333s] running install
[1.333s] running install_lib
[1.335s] running install_data
[1.335s] copying launch/gazebo.launch.py -> /home/everd/faberws/install/medusa/share/medusa/launch
[1.336s] running install_egg_info
[1.339s] removing '/home/everd/faberws/install/medusa/lib/python3.10/site-packages/medusa-0.0.0-py3.10.egg-info' (and everything under it)
[1.339s] Copying ../../build/medusa/medusa.egg-info to /home/everd/faberws/install/medusa/lib/python3.10/site-packages/medusa-0.0.0-py3.10.egg-info
[1.341s] running install_scripts
[1.370s] Installing control script to /home/everd/faberws/install/medusa/lib/medusa
[1.370s] writing list of installed files to '/home/everd/faberws/build/medusa/install.log'
[1.399s] Invoked command in '/home/everd/faberws/src/medusa' returned '0': PYTHONPATH=/home/everd/faberws/build/medusa/prefix_override:/usr/lib/python3/dist-packages/colcon_core/task/python/colcon_distutils_commands:/home/everd/faberws/install/medusa/lib/python3.10/site-packages:${PYTHONPATH} /usr/bin/python3 -W ignore:setup.py install is deprecated -W ignore:easy_install command is deprecated setup.py egg_info --egg-base ../../build/medusa build --build-base /home/everd/faberws/build/medusa/build install --record /home/everd/faberws/build/medusa/install.log --single-version-externally-managed install_data
