[1.403s] Invoking command in '/home/everd/faberws/src/interface': PYTHONPATH=/home/everd/faberws/build/interface/prefix_override:/usr/lib/python3/dist-packages/colcon_core/task/python/colcon_distutils_commands:/home/everd/faberws/install/interface/lib/python3.10/site-packages:${PYTHONPATH} /usr/bin/python3 -W ignore:setup.py install is deprecated -W ignore:easy_install command is deprecated setup.py egg_info --egg-base ../../build/interface build --build-base /home/everd/faberws/build/interface/build install --record /home/everd/faberws/build/interface/install.log --single-version-externally-managed install_data
[1.786s] running egg_info
[1.787s] writing ../../build/interface/interface.egg-info/PKG-INFO
[1.787s] writing dependency_links to ../../build/interface/interface.egg-info/dependency_links.txt
[1.788s] writing entry points to ../../build/interface/interface.egg-info/entry_points.txt
[1.788s] writing requirements to ../../build/interface/interface.egg-info/requires.txt
[1.788s] writing top-level names to ../../build/interface/interface.egg-info/top_level.txt
[1.791s] reading manifest file '../../build/interface/interface.egg-info/SOURCES.txt'
[1.793s] writing manifest file '../../build/interface/interface.egg-info/SOURCES.txt'
[1.793s] running build
[1.793s] running build_py
[1.793s] running install
[1.793s] running install_lib
[1.795s] running install_data
[1.795s] running install_egg_info
[1.798s] removing '/home/everd/faberws/install/interface/lib/python3.10/site-packages/interface-0.0.0-py3.10.egg-info' (and everything under it)
[1.799s] Copying ../../build/interface/interface.egg-info to /home/everd/faberws/install/interface/lib/python3.10/site-packages/interface-0.0.0-py3.10.egg-info
[1.800s] running install_scripts
[1.830s] writing list of installed files to '/home/everd/faberws/build/interface/install.log'
[1.868s] Invoked command in '/home/everd/faberws/src/interface' returned '0': PYTHONPATH=/home/everd/faberws/build/interface/prefix_override:/usr/lib/python3/dist-packages/colcon_core/task/python/colcon_distutils_commands:/home/everd/faberws/install/interface/lib/python3.10/site-packages:${PYTHONPATH} /usr/bin/python3 -W ignore:setup.py install is deprecated -W ignore:easy_install command is deprecated setup.py egg_info --egg-base ../../build/interface build --build-base /home/everd/faberws/build/interface/build install --record /home/everd/faberws/build/interface/install.log --single-version-externally-managed install_data
