[0.952s] Invoking command in '/home/everd/faberws/src/medusa': PYTHONPATH=/home/everd/faberws/build/medusa/prefix_override:/usr/lib/python3/dist-packages/colcon_core/task/python/colcon_distutils_commands:/home/everd/faberws/install/medusa/lib/python3.10/site-packages:${PYTHONPATH} /usr/bin/python3 -W ignore:setup.py install is deprecated -W ignore:easy_install command is deprecated setup.py egg_info --egg-base ../../build/medusa build --build-base /home/everd/faberws/build/medusa/build install --record /home/everd/faberws/build/medusa/install.log --single-version-externally-managed install_data
[1.323s] running egg_info
[1.324s] writing ../../build/medusa/medusa.egg-info/PKG-INFO
[1.324s] writing dependency_links to ../../build/medusa/medusa.egg-info/dependency_links.txt
[1.324s] writing entry points to ../../build/medusa/medusa.egg-info/entry_points.txt
[1.325s] writing requirements to ../../build/medusa/medusa.egg-info/requires.txt
[1.325s] writing top-level names to ../../build/medusa/medusa.egg-info/top_level.txt
[1.328s] reading manifest file '../../build/medusa/medusa.egg-info/SOURCES.txt'
[1.330s] writing manifest file '../../build/medusa/medusa.egg-info/SOURCES.txt'
[1.330s] running build
[1.330s] running build_py
[1.330s] copying medusa/gui.py -> /home/everd/faberws/build/medusa/build/lib/medusa
[1.331s] running install
[1.331s] running install_lib
[1.332s] copying /home/everd/faberws/build/medusa/build/lib/medusa/gui.py -> /home/everd/faberws/install/medusa/lib/python3.10/site-packages/medusa
[1.333s] byte-compiling /home/everd/faberws/install/medusa/lib/python3.10/site-packages/medusa/gui.py to gui.cpython-310.pyc
[1.335s] running install_data
[1.336s] running install_egg_info
[1.338s] removing '/home/everd/faberws/install/medusa/lib/python3.10/site-packages/medusa-0.0.0-py3.10.egg-info' (and everything under it)
[1.339s] Copying ../../build/medusa/medusa.egg-info to /home/everd/faberws/install/medusa/lib/python3.10/site-packages/medusa-0.0.0-py3.10.egg-info
[1.340s] running install_scripts
[1.368s] Installing control script to /home/everd/faberws/install/medusa/lib/medusa
[1.369s] Installing esp32_imu_bridge script to /home/everd/faberws/install/medusa/lib/medusa
[1.369s] Installing gui script to /home/everd/faberws/install/medusa/lib/medusa
[1.369s] Installing mando script to /home/everd/faberws/install/medusa/lib/medusa
[1.370s] writing list of installed files to '/home/everd/faberws/build/medusa/install.log'
[1.402s] Invoked command in '/home/everd/faberws/src/medusa' returned '0': PYTHONPATH=/home/everd/faberws/build/medusa/prefix_override:/usr/lib/python3/dist-packages/colcon_core/task/python/colcon_distutils_commands:/home/everd/faberws/install/medusa/lib/python3.10/site-packages:${PYTHONPATH} /usr/bin/python3 -W ignore:setup.py install is deprecated -W ignore:easy_install command is deprecated setup.py egg_info --egg-base ../../build/medusa build --build-base /home/everd/faberws/build/medusa/build install --record /home/everd/faberws/build/medusa/install.log --single-version-externally-managed install_data
