[1.100s] Invoking command in '/home/everd/faberws/src/medusa': PYTHONPATH=/home/everd/faberws/build/medusa/prefix_override:/usr/lib/python3/dist-packages/colcon_core/task/python/colcon_distutils_commands:/home/everd/faberws/install/medusa/lib/python3.10/site-packages:${PYTHONPATH} /usr/bin/python3 -W ignore:setup.py install is deprecated -W ignore:easy_install command is deprecated setup.py egg_info --egg-base ../../build/medusa build --build-base /home/everd/faberws/build/medusa/build install --record /home/everd/faberws/build/medusa/install.log --single-version-externally-managed install_data
[1.528s] running egg_info
[1.528s] writing ../../build/medusa/medusa.egg-info/PKG-INFO
[1.528s] writing dependency_links to ../../build/medusa/medusa.egg-info/dependency_links.txt
[1.528s] writing entry points to ../../build/medusa/medusa.egg-info/entry_points.txt
[1.528s] writing requirements to ../../build/medusa/medusa.egg-info/requires.txt
[1.528s] writing top-level names to ../../build/medusa/medusa.egg-info/top_level.txt
[1.531s] reading manifest file '../../build/medusa/medusa.egg-info/SOURCES.txt'
[1.534s] writing manifest file '../../build/medusa/medusa.egg-info/SOURCES.txt'
[1.534s] running build
[1.534s] running build_py
[1.534s] copying medusa/mando.py -> /home/everd/faberws/build/medusa/build/lib/medusa
[1.534s] copying medusa/control.py -> /home/everd/faberws/build/medusa/build/lib/medusa
[1.535s] running install
[1.535s] running install_lib
[1.536s] copying /home/everd/faberws/build/medusa/build/lib/medusa/mando.py -> /home/everd/faberws/install/medusa/lib/python3.10/site-packages/medusa
[1.539s] copying /home/everd/faberws/build/medusa/build/lib/medusa/control.py -> /home/everd/faberws/install/medusa/lib/python3.10/site-packages/medusa
[1.540s] byte-compiling /home/everd/faberws/install/medusa/lib/python3.10/site-packages/medusa/mando.py to mando.cpython-310.pyc
[1.540s] byte-compiling /home/everd/faberws/install/medusa/lib/python3.10/site-packages/medusa/control.py to control.cpython-310.pyc
[1.541s] running install_data
[1.541s] copying launch/view.launch.py -> /home/everd/faberws/install/medusa/share/medusa/launch
[1.542s] running install_egg_info
[1.545s] removing '/home/everd/faberws/install/medusa/lib/python3.10/site-packages/medusa-0.0.0-py3.10.egg-info' (and everything under it)
[1.546s] Copying ../../build/medusa/medusa.egg-info to /home/everd/faberws/install/medusa/lib/python3.10/site-packages/medusa-0.0.0-py3.10.egg-info
[1.547s] running install_scripts
[1.583s] Installing control script to /home/everd/faberws/install/medusa/lib/medusa
[1.583s] writing list of installed files to '/home/everd/faberws/build/medusa/install.log'
[1.634s] Invoked command in '/home/everd/faberws/src/medusa' returned '0': PYTHONPATH=/home/everd/faberws/build/medusa/prefix_override:/usr/lib/python3/dist-packages/colcon_core/task/python/colcon_distutils_commands:/home/everd/faberws/install/medusa/lib/python3.10/site-packages:${PYTHONPATH} /usr/bin/python3 -W ignore:setup.py install is deprecated -W ignore:easy_install command is deprecated setup.py egg_info --egg-base ../../build/medusa build --build-base /home/everd/faberws/build/medusa/build install --record /home/everd/faberws/build/medusa/install.log --single-version-externally-managed install_data
