running egg_info
writing ../../build/medusa/medusa.egg-info/PKG-INFO
writing dependency_links to ../../build/medusa/medusa.egg-info/dependency_links.txt
writing entry points to ../../build/medusa/medusa.egg-info/entry_points.txt
writing requirements to ../../build/medusa/medusa.egg-info/requires.txt
writing top-level names to ../../build/medusa/medusa.egg-info/top_level.txt
reading manifest file '../../build/medusa/medusa.egg-info/SOURCES.txt'
writing manifest file '../../build/medusa/medusa.egg-info/SOURCES.txt'
running build
running build_py
running install
running install_lib
running install_data
creating /home/everd/faberws/install/medusa/share/medusa/launch
creating /home/everd/faberws/install/medusa/share/medusa/meshes
copying meshes/vari6_Link.STL -> /home/everd/faberws/install/medusa/share/medusa/meshes
copying meshes/var3_Link.STL -> /home/everd/faberws/install/medusa/share/medusa/meshes
copying meshes/base_link.STL -> /home/everd/faberws/install/medusa/share/medusa/meshes
copying meshes/vari3_Link.STL -> /home/everd/faberws/install/medusa/share/medusa/meshes
copying meshes/var7_Link.STL -> /home/everd/faberws/install/medusa/share/medusa/meshes
copying meshes/vari8_Link.STL -> /home/everd/faberws/install/medusa/share/medusa/meshes
copying meshes/vari2_Link.STL -> /home/everd/faberws/install/medusa/share/medusa/meshes
copying meshes/var6_Link.STL -> /home/everd/faberws/install/medusa/share/medusa/meshes
copying meshes/vari5_Link.STL -> /home/everd/faberws/install/medusa/share/medusa/meshes
copying meshes/var2_Link.STL -> /home/everd/faberws/install/medusa/share/medusa/meshes
copying meshes/vari7_Link.STL -> /home/everd/faberws/install/medusa/share/medusa/meshes
copying meshes/des2_Link.STL -> /home/everd/faberws/install/medusa/share/medusa/meshes
copying meshes/var8_Link.STL -> /home/everd/faberws/install/medusa/share/medusa/meshes
copying meshes/var1_Link.STL -> /home/everd/faberws/install/medusa/share/medusa/meshes
copying meshes/pan_Link.STL -> /home/everd/faberws/install/medusa/share/medusa/meshes
copying meshes/var4_Link.STL -> /home/everd/faberws/install/medusa/share/medusa/meshes
copying meshes/tilt_Link.STL -> /home/everd/faberws/install/medusa/share/medusa/meshes
copying meshes/var5_Link.STL -> /home/everd/faberws/install/medusa/share/medusa/meshes
copying meshes/des1_Link.STL -> /home/everd/faberws/install/medusa/share/medusa/meshes
copying meshes/motor_Link.STL -> /home/everd/faberws/install/medusa/share/medusa/meshes
copying meshes/vari4_Link.STL -> /home/everd/faberws/install/medusa/share/medusa/meshes
copying meshes/vari1_Link.STL -> /home/everd/faberws/install/medusa/share/medusa/meshes
copying meshes/trans2_Link.STL -> /home/everd/faberws/install/medusa/share/medusa/meshes
copying meshes/trans1_Link.STL -> /home/everd/faberws/install/medusa/share/medusa/meshes
creating /home/everd/faberws/install/medusa/share/medusa/urdf
copying urdf/Medusa_Final_2027.csv -> /home/everd/faberws/install/medusa/share/medusa/urdf
copying urdf/Medusa_Final_2027.urdf -> /home/everd/faberws/install/medusa/share/medusa/urdf
creating /home/everd/faberws/install/medusa/share/medusa/config
running install_egg_info
removing '/home/everd/faberws/install/medusa/lib/python3.10/site-packages/medusa-0.0.0-py3.10.egg-info' (and everything under it)
Copying ../../build/medusa/medusa.egg-info to /home/everd/faberws/install/medusa/lib/python3.10/site-packages/medusa-0.0.0-py3.10.egg-info
running install_scripts
writing list of installed files to '/home/everd/faberws/build/medusa/install.log'
