[0.969s] Invoking command in '/home/everd/faberws/src/medusa': PYTHONPATH=/home/everd/faberws/build/medusa/prefix_override:/usr/lib/python3/dist-packages/colcon_core/task/python/colcon_distutils_commands:/home/everd/faberws/install/medusa/lib/python3.10/site-packages:${PYTHONPATH} /usr/bin/python3 -W ignore:setup.py install is deprecated -W ignore:easy_install command is deprecated setup.py egg_info --egg-base ../../build/medusa build --build-base /home/everd/faberws/build/medusa/build install --record /home/everd/faberws/build/medusa/install.log --single-version-externally-managed install_data
[1.342s] running egg_info
[1.343s] writing ../../build/medusa/medusa.egg-info/PKG-INFO
[1.343s] writing dependency_links to ../../build/medusa/medusa.egg-info/dependency_links.txt
[1.344s] writing entry points to ../../build/medusa/medusa.egg-info/entry_points.txt
[1.344s] writing requirements to ../../build/medusa/medusa.egg-info/requires.txt
[1.344s] writing top-level names to ../../build/medusa/medusa.egg-info/top_level.txt
[1.347s] reading manifest file '../../build/medusa/medusa.egg-info/SOURCES.txt'
[1.348s] writing manifest file '../../build/medusa/medusa.egg-info/SOURCES.txt'
[1.348s] running build
[1.348s] running build_py
[1.349s] running install
[1.349s] running install_lib
[1.351s] running install_data
[1.351s] creating /home/everd/faberws/install/medusa/share/medusa/launch
[1.351s] creating /home/everd/faberws/install/medusa/share/medusa/meshes
[1.351s] copying meshes/vari6_Link.STL -> /home/everd/faberws/install/medusa/share/medusa/meshes
[1.351s] copying meshes/var3_Link.STL -> /home/everd/faberws/install/medusa/share/medusa/meshes
[1.351s] copying meshes/base_link.STL -> /home/everd/faberws/install/medusa/share/medusa/meshes
[1.352s] copying meshes/vari3_Link.STL -> /home/everd/faberws/install/medusa/share/medusa/meshes
[1.352s] copying meshes/var7_Link.STL -> /home/everd/faberws/install/medusa/share/medusa/meshes
[1.353s] copying meshes/vari8_Link.STL -> /home/everd/faberws/install/medusa/share/medusa/meshes
[1.353s] copying meshes/vari2_Link.STL -> /home/everd/faberws/install/medusa/share/medusa/meshes
[1.353s] copying meshes/var6_Link.STL -> /home/everd/faberws/install/medusa/share/medusa/meshes
[1.353s] copying meshes/vari5_Link.STL -> /home/everd/faberws/install/medusa/share/medusa/meshes
[1.353s] copying meshes/var2_Link.STL -> /home/everd/faberws/install/medusa/share/medusa/meshes
[1.354s] copying meshes/vari7_Link.STL -> /home/everd/faberws/install/medusa/share/medusa/meshes
[1.354s] copying meshes/des2_Link.STL -> /home/everd/faberws/install/medusa/share/medusa/meshes
[1.354s] copying meshes/var8_Link.STL -> /home/everd/faberws/install/medusa/share/medusa/meshes
[1.354s] copying meshes/var1_Link.STL -> /home/everd/faberws/install/medusa/share/medusa/meshes
[1.354s] copying meshes/pan_Link.STL -> /home/everd/faberws/install/medusa/share/medusa/meshes
[1.355s] copying meshes/var4_Link.STL -> /home/everd/faberws/install/medusa/share/medusa/meshes
[1.355s] copying meshes/tilt_Link.STL -> /home/everd/faberws/install/medusa/share/medusa/meshes
[1.355s] copying meshes/var5_Link.STL -> /home/everd/faberws/install/medusa/share/medusa/meshes
[1.355s] copying meshes/des1_Link.STL -> /home/everd/faberws/install/medusa/share/medusa/meshes
[1.356s] copying meshes/motor_Link.STL -> /home/everd/faberws/install/medusa/share/medusa/meshes
[1.356s] copying meshes/vari4_Link.STL -> /home/everd/faberws/install/medusa/share/medusa/meshes
[1.356s] copying meshes/vari1_Link.STL -> /home/everd/faberws/install/medusa/share/medusa/meshes
[1.356s] copying meshes/trans2_Link.STL -> /home/everd/faberws/install/medusa/share/medusa/meshes
[1.358s] copying meshes/trans1_Link.STL -> /home/everd/faberws/install/medusa/share/medusa/meshes
[1.360s] creating /home/everd/faberws/install/medusa/share/medusa/urdf
[1.360s] copying urdf/Medusa_Final_2027.csv -> /home/everd/faberws/install/medusa/share/medusa/urdf
[1.361s] copying urdf/Medusa_Final_2027.urdf -> /home/everd/faberws/install/medusa/share/medusa/urdf
[1.361s] creating /home/everd/faberws/install/medusa/share/medusa/config
[1.361s] running install_egg_info
[1.364s] removing '/home/everd/faberws/install/medusa/lib/python3.10/site-packages/medusa-0.0.0-py3.10.egg-info' (and everything under it)
[1.364s] Copying ../../build/medusa/medusa.egg-info to /home/everd/faberws/install/medusa/lib/python3.10/site-packages/medusa-0.0.0-py3.10.egg-info
[1.365s] running install_scripts
[1.394s] writing list of installed files to '/home/everd/faberws/build/medusa/install.log'
[1.423s] Invoked command in '/home/everd/faberws/src/medusa' returned '0': PYTHONPATH=/home/everd/faberws/build/medusa/prefix_override:/usr/lib/python3/dist-packages/colcon_core/task/python/colcon_distutils_commands:/home/everd/faberws/install/medusa/lib/python3.10/site-packages:${PYTHONPATH} /usr/bin/python3 -W ignore:setup.py install is deprecated -W ignore:easy_install command is deprecated setup.py egg_info --egg-base ../../build/medusa build --build-base /home/everd/faberws/build/medusa/build install --record /home/everd/faberws/build/medusa/install.log --single-version-externally-managed install_data
